<?xml version="1.0" encoding="UTF-8"?>
<!-- Generated by org.testng.reporters.JUnitXMLReporter -->
<testsuite hostname="nick-PC" ignored="0" name="Command line test" tests="1" failures="1" timestamp="11 dic 2018 22:25:56 GMT" time="71.907" errors="0">
  <testcase name="searchPumaShoesSize10Test" time="71.507" classname="misTests.Tests">
    <failure type="java.lang.IndexOutOfBoundsException" message="toIndex = 5">
      <![CDATA[java.lang.IndexOutOfBoundsException: toIndex = 5
at java.util.ArrayList.subListRangeCheck(Unknown Source)
at java.util.ArrayList.subList(Unknown Source)
at PageObjects.ProductsEbay.namesProducts(ProductsEbay.java:31)
at misTests.Tests.searchPumaShoesSize10Test(Tests.java:54)
... Removed 34 stack frames]]>
    </failure>
  </testcase> <!-- searchPumaShoesSize10Test -->
</testsuite> <!-- Command line test -->
