<?xml version="1.0" encoding="UTF-8" ?>
<testsuite tests="1" failures="1" name="misTests.Tests" time="71.861" errors="0" skipped="0">
  <properties>
[...]
</properties>
  <testcase classname="misTests.Tests" name="searchPumaShoesSize10Test" time="71.861">
    <failure message="toIndex = 5" type="java.lang.IndexOutOfBoundsException">java.lang.IndexOutOfBoundsException: toIndex = 5
	at java.util.ArrayList.subListRangeCheck(Unknown Source)
	at java.util.ArrayList.subList(Unknown Source)
	at PageObjects.ProductsEbay.namesProducts(ProductsEbay.java:31)
	at misTests.Tests.searchPumaShoesSize10Test(Tests.java:54)
</failure>
    <system-out>Configuring TestNG with: org.apache.maven.surefire.testng.conf.TestNG652Configurator@ee7d9f1
</system-out>
    <system-err>Starting ChromeDriver 2.43.600210 (68dcf5eebde37173d4027fa8635e332711d2874a) on port 33980
Only local connections are allowed.
dic 11, 2018 7:24:50 PM org.openqa.selenium.remote.ProtocolHandshake createSession
INFORMACIÓN: Detected dialect: OSS
</system-err>
  </testcase>
</testsuite>